<?xml version="1.0" encoding="UTF-8"?>
<testsuite name="org.example.AppTest" tests="1" skipped="0" failures="0" errors="0" timestamp="2025-07-13T16:44:59.203Z" hostname="DESKTOP-FV9N8E0" time="0.043">
  <properties/>
  <testcase name="appHasAGreeting()" classname="org.example.AppTest" time="0.043"/>
  <system-out><![CDATA[Hello, hello!
]]></system-out>
  <system-err><![CDATA[]]></system-err>
</testsuite>
